<?xml version="1.0" encoding="UTF-8"?>
<testng-results ignored="0" total="1" passed="1" failed="0" skipped="0">
  <reporter-output>
  </reporter-output>
  <suite started-at="2023-01-24T00:33:27Z" name="Default suite" finished-at="2023-01-24T00:33:44Z" duration-ms="16958">
    <groups>
    </groups>
    <test started-at="2023-01-24T00:33:27Z" name="Default test" finished-at="2023-01-24T00:33:44Z" duration-ms="16958">
      <class name="Juan.scriptPetStore">
        <test-method is-config="true" signature="setup()[pri:0, instance:Juan.scriptPetStore@1fc32e4f]" started-at="2023-01-24T00:33:27Z" name="setup" finished-at="2023-01-24T00:33:41Z" duration-ms="13967" status="PASS">
          <reporter-output>
          </reporter-output>
        </test-method> <!-- setup -->
        <test-method signature="HomeJPetStore()[pri:0, instance:Juan.scriptPetStore@1fc32e4f]" started-at="2023-01-24T00:33:41Z" name="HomeJPetStore" finished-at="2023-01-24T00:33:44Z" duration-ms="2961" status="PASS">
          <reporter-output>
          </reporter-output>
        </test-method> <!-- HomeJPetStore -->
        <test-method is-config="true" signature="teardown()[pri:0, instance:Juan.scriptPetStore@1fc32e4f]" started-at="2023-01-24T00:33:44Z" name="teardown" finished-at="2023-01-24T00:33:44Z" duration-ms="0" status="PASS">
          <reporter-output>
          </reporter-output>
        </test-method> <!-- teardown -->
      </class> <!-- Juan.scriptPetStore -->
    </test> <!-- Default test -->
  </suite> <!-- Default suite -->
</testng-results>
