<?xml version="1.0" encoding="UTF-8"?>
<testng-results ignored="0" total="1" passed="1" failed="0" skipped="0">
  <reporter-output>
  </reporter-output>
  <suite started-at="2023-01-11T07:17:55Z" name="Default suite" finished-at="2023-01-11T07:19:16Z" duration-ms="81081">
    <groups>
    </groups>
    <test started-at="2023-01-11T07:17:55Z" name="Default test" finished-at="2023-01-11T07:19:16Z" duration-ms="81081">
      <class name="Juan.scriptFlights">
        <test-method is-config="true" signature="setup()[pri:0, instance:Juan.scriptFlights@146dfe6]" started-at="2023-01-11T07:17:55Z" name="setup" finished-at="2023-01-11T07:18:10Z" duration-ms="14960" status="PASS">
          <reporter-output>
          </reporter-output>
        </test-method> <!-- setup -->
        <test-method signature="CustomerPage()[pri:0, instance:Juan.scriptFlights@146dfe6]" started-at="2023-01-11T07:18:10Z" name="CustomerPage" finished-at="2023-01-11T07:19:16Z" duration-ms="66068" status="PASS">
          <reporter-output>
          </reporter-output>
        </test-method> <!-- CustomerPage -->
        <test-method is-config="true" signature="teardown()[pri:0, instance:Juan.scriptFlights@146dfe6]" started-at="2023-01-11T07:19:16Z" name="teardown" finished-at="2023-01-11T07:19:16Z" duration-ms="1" status="PASS">
          <reporter-output>
          </reporter-output>
        </test-method> <!-- teardown -->
      </class> <!-- Juan.scriptFlights -->
    </test> <!-- Default test -->
  </suite> <!-- Default suite -->
</testng-results>
