<?xml version="1.0" encoding="UTF-8"?>
<testng-results ignored="0" total="1" passed="1" failed="0" skipped="0">
  <reporter-output>
  </reporter-output>
  <suite started-at="2023-01-17T05:38:45Z" name="Default suite" finished-at="2023-01-17T05:40:24Z" duration-ms="98911">
    <groups>
    </groups>
    <test started-at="2023-01-17T05:38:45Z" name="Default test" finished-at="2023-01-17T05:40:24Z" duration-ms="98911">
      <class name="Juan.scriptTour">
        <test-method is-config="true" signature="setup()[pri:0, instance:Juan.scriptTour@78641d23]" started-at="2023-01-17T05:38:45Z" name="setup" finished-at="2023-01-17T05:38:58Z" duration-ms="12493" status="PASS">
          <reporter-output>
          </reporter-output>
        </test-method> <!-- setup -->
        <test-method signature="CustomerPage()[pri:0, instance:Juan.scriptTour@78641d23]" started-at="2023-01-17T05:38:58Z" name="CustomerPage" finished-at="2023-01-17T05:40:24Z" duration-ms="86363" status="PASS">
          <reporter-output>
          </reporter-output>
        </test-method> <!-- CustomerPage -->
      </class> <!-- Juan.scriptTour -->
    </test> <!-- Default test -->
  </suite> <!-- Default suite -->
</testng-results>
