<?xml version="1.0" encoding="UTF-8"?>
<testng-results ignored="0" total="1" passed="1" failed="0" skipped="0">
  <reporter-output>
  </reporter-output>
  <suite started-at="2023-01-25T05:04:17Z" name="Default suite" finished-at="2023-01-25T05:04:22Z" duration-ms="5120">
    <groups>
      <group name="home">
        <method signature="JPetStore_SearchFish.HomeJPetStore()[pri:0, instance:IrisRodriguez.JPetStore_SearchFish@2b40ff9c]" name="HomeJPetStore" class="IrisRodriguez.JPetStore_SearchFish"/>
      </group> <!-- home -->
    </groups>
    <test started-at="2023-01-25T05:04:17Z" name="Default test" finished-at="2023-01-25T05:04:22Z" duration-ms="5120">
      <class name="IrisRodriguez.JPetStore_SearchFish">
        <test-method is-config="true" signature="setup()[pri:0, instance:IrisRodriguez.JPetStore_SearchFish@2b40ff9c]" started-at="2023-01-25T05:04:17Z" name="setup" finished-at="2023-01-25T05:04:22Z" duration-ms="4955" status="PASS">
          <reporter-output>
          </reporter-output>
        </test-method> <!-- setup -->
        <test-method signature="HomeJPetStore()[pri:0, instance:IrisRodriguez.JPetStore_SearchFish@2b40ff9c]" started-at="2023-01-25T05:04:22Z" name="HomeJPetStore" finished-at="2023-01-25T05:04:22Z" duration-ms="136" status="PASS">
          <reporter-output>
          </reporter-output>
        </test-method> <!-- HomeJPetStore -->
        <test-method is-config="true" signature="teardown()[pri:0, instance:IrisRodriguez.JPetStore_SearchFish@2b40ff9c]" started-at="2023-01-25T05:04:22Z" name="teardown" finished-at="2023-01-25T05:04:22Z" duration-ms="0" status="PASS">
          <reporter-output>
          </reporter-output>
        </test-method> <!-- teardown -->
      </class> <!-- IrisRodriguez.JPetStore_SearchFish -->
    </test> <!-- Default test -->
  </suite> <!-- Default suite -->
</testng-results>
