<?xml version="1.0" encoding="UTF-8"?>
<testng-results ignored="0" total="1" passed="1" failed="0" skipped="0">
  <reporter-output>
  </reporter-output>
  <suite started-at="2023-01-18T06:31:45Z" name="Default suite" finished-at="2023-01-18T06:32:10Z" duration-ms="24285">
    <groups>
    </groups>
    <test started-at="2023-01-18T06:31:45Z" name="Default test" finished-at="2023-01-18T06:32:10Z" duration-ms="24285">
      <class name="Juan.scriptSupplier">
        <test-method is-config="true" signature="setup()[pri:0, instance:Juan.scriptSupplier@78641d23]" started-at="2023-01-18T06:31:45Z" name="setup" finished-at="2023-01-18T06:31:57Z" duration-ms="12024" status="PASS">
          <reporter-output>
          </reporter-output>
        </test-method> <!-- setup -->
        <test-method signature="supplierBooking()[pri:0, instance:Juan.scriptSupplier@78641d23]" started-at="2023-01-18T06:31:57Z" name="supplierBooking" finished-at="2023-01-18T06:32:10Z" duration-ms="12200" status="PASS">
          <reporter-output>
          </reporter-output>
        </test-method> <!-- supplierBooking -->
      </class> <!-- Juan.scriptSupplier -->
    </test> <!-- Default test -->
  </suite> <!-- Default suite -->
</testng-results>
