<?xml version="1.0" encoding="UTF-8"?>
<testng-results ignored="0" total="1" passed="1" failed="0" skipped="0">
  <reporter-output>
  </reporter-output>
  <suite started-at="2023-01-05T16:26:55Z" name="Default suite" finished-at="2023-01-05T16:31:11Z" duration-ms="255698">
    <groups>
    </groups>
    <test started-at="2023-01-05T16:26:55Z" name="Default test" finished-at="2023-01-05T16:31:11Z" duration-ms="255698">
      <class name="Diana.hotelsCustomer">
        <test-method is-config="true" signature="setup()[pri:0, instance:Diana.hotelsCustomer@451001e5]" started-at="2023-01-05T16:26:55Z" name="setup" finished-at="2023-01-05T16:29:51Z" duration-ms="175814" status="PASS">
          <reporter-output>
          </reporter-output>
        </test-method> <!-- setup -->
        <test-method signature="travel()[pri:0, instance:Diana.hotelsCustomer@451001e5]" started-at="2023-01-05T16:29:51Z" name="travel" finished-at="2023-01-05T16:31:11Z" duration-ms="79859" status="PASS">
          <reporter-output>
          </reporter-output>
        </test-method> <!-- travel -->
        <test-method is-config="true" signature="teardown()[pri:0, instance:Diana.hotelsCustomer@451001e5]" started-at="2023-01-05T16:31:11Z" name="teardown" finished-at="2023-01-05T16:31:11Z" duration-ms="0" status="PASS">
          <reporter-output>
          </reporter-output>
        </test-method> <!-- teardown -->
      </class> <!-- Diana.hotelsCustomer -->
    </test> <!-- Default test -->
  </suite> <!-- Default suite -->
</testng-results>
