<?xml version="1.0" encoding="UTF-8"?>
<testng-results ignored="0" total="1" passed="1" failed="0" skipped="0">
  <reporter-output>
  </reporter-output>
  <suite started-at="2023-01-17T00:05:40Z" name="Default suite" finished-at="2023-01-17T00:07:54Z" duration-ms="134104">
    <groups>
    </groups>
    <test started-at="2023-01-17T00:05:40Z" name="Default test" finished-at="2023-01-17T00:07:54Z" duration-ms="134104">
      <class name="Juan.scriptTour">
        <test-method is-config="true" signature="setup()[pri:0, instance:Juan.scriptTour@5c2375a9]" started-at="2023-01-17T00:05:40Z" name="setup" finished-at="2023-01-17T00:06:02Z" duration-ms="21486" status="PASS">
          <reporter-output>
          </reporter-output>
        </test-method> <!-- setup -->
        <test-method signature="CustomerPage()[pri:0, instance:Juan.scriptTour@5c2375a9]" started-at="2023-01-17T00:06:02Z" name="CustomerPage" finished-at="2023-01-17T00:07:54Z" duration-ms="112564" status="PASS">
          <reporter-output>
          </reporter-output>
        </test-method> <!-- CustomerPage -->
      </class> <!-- Juan.scriptTour -->
    </test> <!-- Default test -->
  </suite> <!-- Default suite -->
</testng-results>
