<?xml version="1.0" encoding="UTF-8"?>
<testng-results ignored="0" total="2" passed="2" failed="0" skipped="0">
  <reporter-output>
  </reporter-output>
  <suite started-at="2023-01-26T20:35:27Z" name="Suite" finished-at="2023-01-26T20:36:26Z" duration-ms="59009">
    <groups>
      <group name="pets">
        <method signature="JPetsStorePurchase.JPetstore_HomeWindow(java.lang.String)[pri:0, instance:Diana.JPetsStorePurchase@5ddeb7cb]" name="JPetstore_HomeWindow" class="Diana.JPetsStorePurchase"/>
        <method signature="JPetStore.JPetstore_HomeWindow()[pri:0, instance:Diana.JPetStore@72bc6553]" name="JPetstore_HomeWindow" class="Diana.JPetStore"/>
      </group> <!-- pets -->
    </groups>
    <test started-at="2023-01-26T20:35:27Z" name="jpetstore_purchase" finished-at="2023-01-26T20:35:58Z" duration-ms="30790">
      <class name="Diana.JPetsStorePurchase">
        <test-method is-config="true" signature="setup()[pri:0, instance:Diana.JPetsStorePurchase@5ddeb7cb]" started-at="2023-01-26T20:35:27Z" name="setup" finished-at="2023-01-26T20:35:51Z" duration-ms="23770" status="PASS">
          <reporter-output>
          </reporter-output>
        </test-method> <!-- setup -->
        <test-method signature="JPetstore_HomeWindow(java.lang.String)[pri:0, instance:Diana.JPetsStorePurchase@5ddeb7cb]" started-at="2023-01-26T20:35:51Z" name="JPetstore_HomeWindow" finished-at="2023-01-26T20:35:58Z" duration-ms="6997" status="PASS">
          <params>
            <param index="0">
              <value>
                <![CDATA[5]]>
              </value>
            </param>
          </params>
          <reporter-output>
          </reporter-output>
        </test-method> <!-- JPetstore_HomeWindow -->
        <test-method is-config="true" signature="tearDown()[pri:0, instance:Diana.JPetsStorePurchase@5ddeb7cb]" started-at="2023-01-26T20:35:58Z" name="tearDown" finished-at="2023-01-26T20:35:58Z" duration-ms="0" status="PASS">
          <reporter-output>
          </reporter-output>
        </test-method> <!-- tearDown -->
      </class> <!-- Diana.JPetsStorePurchase -->
    </test> <!-- jpetstore_purchase -->
    <test started-at="2023-01-26T20:35:58Z" name="jpetstore_part1" finished-at="2023-01-26T20:36:26Z" duration-ms="28141">
      <class name="Diana.JPetStore">
        <test-method is-config="true" signature="setup()[pri:0, instance:Diana.JPetStore@72bc6553]" started-at="2023-01-26T20:35:58Z" name="setup" finished-at="2023-01-26T20:36:25Z" duration-ms="26886" status="PASS">
          <reporter-output>
          </reporter-output>
        </test-method> <!-- setup -->
        <test-method signature="JPetstore_HomeWindow()[pri:0, instance:Diana.JPetStore@72bc6553]" started-at="2023-01-26T20:36:25Z" name="JPetstore_HomeWindow" finished-at="2023-01-26T20:36:26Z" duration-ms="1245" status="PASS">
          <reporter-output>
          </reporter-output>
        </test-method> <!-- JPetstore_HomeWindow -->
        <test-method is-config="true" signature="tearDown()[pri:0, instance:Diana.JPetStore@72bc6553]" started-at="2023-01-26T20:36:26Z" name="tearDown" finished-at="2023-01-26T20:36:26Z" duration-ms="1" status="PASS">
          <reporter-output>
          </reporter-output>
        </test-method> <!-- tearDown -->
      </class> <!-- Diana.JPetStore -->
    </test> <!-- jpetstore_part1 -->
  </suite> <!-- Suite -->
</testng-results>
